2022-01-13 18:00:33,335:INFO:PyCaret Supervised Module
2022-01-13 18:00:33,336:INFO:ML Usecase: classification
2022-01-13 18:00:33,336:INFO:version 2.3.4
2022-01-13 18:00:33,336:INFO:Initializing setup()
2022-01-13 18:00:33,336:INFO:setup(target=rating, ml_usecase=classification, available_plots={'parameter': 'Hyperparameters', 'auc': 'AUC', 'confusion_matrix': 'Confusion Matrix', 'threshold': 'Threshold', 'pr': 'Precision Recall', 'error': 'Prediction Error', 'class_report': 'Class Report', 'rfe': 'Feature Selection', 'learning': 'Learning Curve', 'manifold': 'Manifold Learning', 'calibration': 'Calibration Curve', 'vc': 'Validation Curve', 'dimension': 'Dimensions', 'feature': 'Feature Importance', 'feature_all': 'Feature Importance (All)', 'boundary': 'Decision Boundary', 'lift': 'Lift Chart', 'gain': 'Gain Chart', 'tree': 'Decision Tree', 'ks': 'KS Statistic Plot'}, train_size=0.7, test_data=None, preprocess=True, imputation_type=simple, iterative_imputation_iters=5, categorical_features=['genre', 'genres'], categorical_imputation=constant, categorical_iterative_imputer=lightgbm, ordinal_features=None, high_cardinality_features=None, high_cardinality_method=frequency, numeric_features=['rating_top', 'days', 'reviews_count', 'suggestions_count', 'ratings_count', 'metacritic', 'added'], numeric_imputation=mean, numeric_iterative_imputer=lightgbm, date_features=None, ignore_features=['name'], normalize=False, normalize_method=zscore, transformation=False, transformation_method=yeo-johnson, handle_unknown_categorical=True, unknown_categorical_method=least_frequent, pca=False, pca_method=linear, pca_components=None, ignore_low_variance=False, combine_rare_levels=False, rare_level_threshold=0.1, bin_numeric_features=None, remove_outliers=False, outliers_threshold=0.05, remove_multicollinearity=False, multicollinearity_threshold=0.9, remove_perfect_collinearity=True, create_clusters=False, cluster_iter=20, polynomial_features=False, polynomial_degree=2, trigonometry_features=False, polynomial_threshold=0.1, group_features=None, group_names=None, feature_selection=False, feature_selection_threshold=0.8, feature_selection_method=classic, feature_interaction=False, feature_ratio=False, interaction_threshold=0.01, fix_imbalance=False, fix_imbalance_method=None, transform_target=False, transform_target_method=box-cox, data_split_shuffle=True, data_split_stratify=False, fold_strategy=stratifiedkfold, fold=10, fold_shuffle=False, fold_groups=None, n_jobs=-1, use_gpu=False, custom_pipeline=None, html=True, session_id=None, log_experiment=False, experiment_name=None, log_plots=False, log_profile=False, log_data=False, silent=True, verbose=True, profile=False, profile_kwargs=None, display=None)
2022-01-13 18:00:33,347:INFO:Checking environment
2022-01-13 18:00:33,347:INFO:python_version: 3.8.10
2022-01-13 18:00:33,347:INFO:python_build: ('tags/v3.8.10:3d8993a', 'May  3 2021 11:48:03')
2022-01-13 18:00:33,347:INFO:machine: AMD64
2022-01-13 18:00:33,356:INFO:platform: Windows-10-10.0.19044-SP0
2022-01-13 18:00:33,357:WARNING:cannot find psutil installation. memory not traceable. Install psutil using pip to enable memory logging.
2022-01-13 18:00:33,357:INFO:Checking libraries
2022-01-13 18:00:33,357:INFO:pd==1.3.1
2022-01-13 18:00:33,357:INFO:numpy==1.19.5
2022-01-13 18:00:33,357:INFO:sklearn==0.23.2
2022-01-13 18:00:33,357:INFO:lightgbm==3.3.1
2022-01-13 18:00:33,358:WARNING:catboost not found
2022-01-13 18:00:33,359:WARNING:xgboost not found
2022-01-13 18:00:33,731:INFO:mlflow==1.21.0
2022-01-13 18:00:33,731:INFO:Checking Exceptions
2022-01-13 18:00:33,731:INFO:Declaring global variables
2022-01-13 18:00:33,731:INFO:USI: b46b
2022-01-13 18:00:33,731:INFO:pycaret_globals: {'display_container', 'prep_pipe', '_available_plots', 'fold_groups_param', 'stratify_param', '_all_models_internal', 'logging_param', 'exp_name_log', 'html_param', 'target_param', 'USI', 'fix_imbalance_param', 'iterative_imputation_iters_param', 'n_jobs_param', 'X_train', '_gpu_n_jobs_param', 'y_train', '_all_metrics', 'transform_target_param', 'fix_imbalance_method_param', '_internal_pipeline', 'create_model_container', 'X', 'fold_param', 'X_test', 'imputation_classifier', 'seed', '_ml_usecase', 'gpu_param', 'fold_generator', 'fold_shuffle_param', 'y', 'master_model_container', 'data_before_preprocess', 'fold_groups_param_full', 'experiment__', 'imputation_regressor', 'y_test', 'log_plots_param', 'transform_target_method_param', 'pycaret_globals', '_all_models'}
2022-01-13 18:00:33,731:INFO:Preparing display monitor
2022-01-13 18:00:33,731:INFO:Preparing display monitor
2022-01-13 18:00:33,738:INFO:Importing libraries
2022-01-13 18:00:33,738:INFO:Copying data for preprocessing
2022-01-13 18:00:33,740:INFO:Declaring preprocessing parameters
2022-01-13 18:00:33,742:INFO:Creating preprocessing pipeline
2022-01-13 18:00:33,745:INFO:Preprocessing pipeline created successfully
2022-01-13 18:00:33,746:ERROR:(Process Exit): setup has been interupted with user command 'quit'. setup must rerun.
2022-01-13 18:00:33,746:INFO:Creating global containers
2022-01-13 18:00:33,747:INFO:Internal pipeline: Pipeline(memory=None, steps=[('empty_step', 'passthrough')], verbose=False)
2022-01-13 18:00:33,984:WARNING:Couldn't import xgboost.XGBClassifier
2022-01-13 18:00:33,985:WARNING:Couldn't import catboost.CatBoostClassifier
2022-01-13 18:00:34,066:WARNING:Couldn't import xgboost.XGBClassifier
2022-01-13 18:00:34,067:WARNING:Couldn't import catboost.CatBoostClassifier
2022-01-13 18:00:34,068:INFO:Creating grid variables
2022-01-13 18:00:34,071:INFO:create_model_container: 0
2022-01-13 18:00:34,071:INFO:master_model_container: 0
2022-01-13 18:00:34,071:INFO:display_container: 1
2022-01-13 18:00:34,075:INFO:Pipeline(memory=None,
         steps=[('dtypes',
                 DataTypes_Auto_infer(categorical_features=['genre', 'genres'],
                                      display_types=False,
                                      features_todrop=['name'], id_columns=[],
                                      ml_usecase='classification',
                                      numerical_features=['rating_top', 'days',
                                                          'reviews_count',
                                                          'suggestions_count',
                                                          'ratings_count',
                                                          'metacritic',
                                                          'added'],
                                      target='rating', time_features=[])),
                ('imputer',
                 Simp...
                ('scaling', 'passthrough'), ('P_transform', 'passthrough'),
                ('binn', 'passthrough'), ('rem_outliers', 'passthrough'),
                ('cluster_all', 'passthrough'),
                ('dummy', Dummify(target='rating')),
                ('fix_perfect', Remove_100(target='rating')),
                ('clean_names', Clean_Colum_Names()),
                ('feature_select', 'passthrough'), ('fix_multi', 'passthrough'),
                ('dfs', 'passthrough'), ('pca', 'passthrough')],
         verbose=False)
2022-01-13 18:00:34,075:INFO:setup() succesfully completed......................................
2022-01-13 18:00:34,148:INFO:Initializing compare_models()
2022-01-13 18:00:34,148:INFO:compare_models(include=None, fold=None, round=4, cross_validation=True, sort=Accuracy, n_select=1, budget_time=None, turbo=True, errors=ignore, fit_kwargs=None, groups=None, verbose=True, display=None, exclude=None)
2022-01-13 18:00:34,149:INFO:Checking exceptions
2022-01-13 18:00:34,149:INFO:Preparing display monitor
2022-01-13 18:00:34,149:INFO:Preparing display monitor
2022-01-13 18:00:34,158:INFO:Initializing Logistic Regression
2022-01-13 18:00:34,158:INFO:Total runtime is 0.0 minutes
2022-01-13 18:00:34,160:INFO:SubProcess create_model() called ==================================
2022-01-13 18:00:34,161:INFO:Initializing create_model()
2022-01-13 18:00:34,161:INFO:create_model(estimator=lr, fold=StratifiedKFold(n_splits=10, random_state=None, shuffle=False), round=4, cross_validation=True, predict=True, fit_kwargs={}, groups=None, refit=False, verbose=False, system=False, metrics=None, add_to_model_list=True, display=<pycaret.internal.Display.Display object at 0x0000028FAA3670A0>, kwargs={})
2022-01-13 18:00:34,161:INFO:Checking exceptions
2022-01-13 18:00:34,161:INFO:Importing libraries
2022-01-13 18:00:34,161:INFO:Copying training dataset
2022-01-13 18:00:34,161:INFO:Defining folds
2022-01-13 18:00:34,161:INFO:Declaring metric variables
2022-01-13 18:00:34,163:INFO:Importing untrained model
2022-01-13 18:00:34,165:INFO:Logistic Regression Imported succesfully
2022-01-13 18:00:34,169:INFO:Starting cross validation
2022-01-13 18:00:34,170:INFO:Cross validating with StratifiedKFold(n_splits=10, random_state=None, shuffle=False), n_jobs=-1
2022-01-13 18:00:38,877:INFO:Calculating mean and std
2022-01-13 18:00:38,878:INFO:Creating metrics dataframe
2022-01-13 18:00:38,881:INFO:Uploading results into container
2022-01-13 18:00:38,882:INFO:Uploading model into container now
2022-01-13 18:00:38,882:INFO:create_model_container: 1
2022-01-13 18:00:38,882:INFO:master_model_container: 1
2022-01-13 18:00:38,882:INFO:display_container: 2
2022-01-13 18:00:38,882:INFO:LogisticRegression(C=1.0, class_weight=None, dual=False, fit_intercept=True,
                   intercept_scaling=1, l1_ratio=None, max_iter=1000,
                   multi_class='auto', n_jobs=None, penalty='l2',
                   random_state=5005, solver='lbfgs', tol=0.0001, verbose=0,
                   warm_start=False)
2022-01-13 18:00:38,882:INFO:create_model() succesfully completed......................................
2022-01-13 18:00:38,967:INFO:SubProcess create_model() end ==================================
2022-01-13 18:00:38,967:INFO:Creating metrics dataframe
2022-01-13 18:00:38,971:INFO:Initializing K Neighbors Classifier
2022-01-13 18:00:38,971:INFO:Total runtime is 0.08022772471110026 minutes
2022-01-13 18:00:38,973:INFO:SubProcess create_model() called ==================================
2022-01-13 18:00:38,974:INFO:Initializing create_model()
2022-01-13 18:00:38,974:INFO:create_model(estimator=knn, fold=StratifiedKFold(n_splits=10, random_state=None, shuffle=False), round=4, cross_validation=True, predict=True, fit_kwargs={}, groups=None, refit=False, verbose=False, system=False, metrics=None, add_to_model_list=True, display=<pycaret.internal.Display.Display object at 0x0000028FAA3670A0>, kwargs={})
2022-01-13 18:00:38,974:INFO:Checking exceptions
2022-01-13 18:00:38,974:INFO:Importing libraries
2022-01-13 18:00:38,974:INFO:Copying training dataset
2022-01-13 18:00:38,974:INFO:Defining folds
2022-01-13 18:00:38,974:INFO:Declaring metric variables
2022-01-13 18:00:38,976:INFO:Importing untrained model
2022-01-13 18:00:38,978:INFO:K Neighbors Classifier Imported succesfully
2022-01-13 18:00:38,982:INFO:Starting cross validation
2022-01-13 18:00:38,982:INFO:Cross validating with StratifiedKFold(n_splits=10, random_state=None, shuffle=False), n_jobs=-1
2022-01-13 18:00:40,980:INFO:Calculating mean and std
2022-01-13 18:00:40,980:INFO:Creating metrics dataframe
2022-01-13 18:00:40,984:INFO:Uploading results into container
2022-01-13 18:00:40,984:INFO:Uploading model into container now
2022-01-13 18:00:40,984:INFO:create_model_container: 2
2022-01-13 18:00:40,984:INFO:master_model_container: 2
2022-01-13 18:00:40,984:INFO:display_container: 2
2022-01-13 18:00:40,985:INFO:KNeighborsClassifier(algorithm='auto', leaf_size=30, metric='minkowski',
                     metric_params=None, n_jobs=-1, n_neighbors=5, p=2,
                     weights='uniform')
2022-01-13 18:00:40,985:INFO:create_model() succesfully completed......................................
2022-01-13 18:00:41,094:INFO:SubProcess create_model() end ==================================
2022-01-13 18:00:41,094:INFO:Creating metrics dataframe
2022-01-13 18:00:41,099:INFO:Initializing Naive Bayes
2022-01-13 18:00:41,100:INFO:Total runtime is 0.11569954951604208 minutes
2022-01-13 18:00:41,102:INFO:SubProcess create_model() called ==================================
2022-01-13 18:00:41,102:INFO:Initializing create_model()
2022-01-13 18:00:41,102:INFO:create_model(estimator=nb, fold=StratifiedKFold(n_splits=10, random_state=None, shuffle=False), round=4, cross_validation=True, predict=True, fit_kwargs={}, groups=None, refit=False, verbose=False, system=False, metrics=None, add_to_model_list=True, display=<pycaret.internal.Display.Display object at 0x0000028FAA3670A0>, kwargs={})
2022-01-13 18:00:41,102:INFO:Checking exceptions
2022-01-13 18:00:41,102:INFO:Importing libraries
2022-01-13 18:00:41,102:INFO:Copying training dataset
2022-01-13 18:00:41,102:INFO:Defining folds
2022-01-13 18:00:41,103:INFO:Declaring metric variables
2022-01-13 18:00:41,104:INFO:Importing untrained model
2022-01-13 18:00:41,106:INFO:Naive Bayes Imported succesfully
2022-01-13 18:00:41,110:INFO:Starting cross validation
2022-01-13 18:00:41,110:INFO:Cross validating with StratifiedKFold(n_splits=10, random_state=None, shuffle=False), n_jobs=-1
2022-01-13 18:00:41,155:INFO:Calculating mean and std
2022-01-13 18:00:41,156:INFO:Creating metrics dataframe
2022-01-13 18:00:41,162:INFO:Uploading results into container
2022-01-13 18:00:41,162:INFO:Uploading model into container now
2022-01-13 18:00:41,162:INFO:create_model_container: 3
2022-01-13 18:00:41,162:INFO:master_model_container: 3
2022-01-13 18:00:41,162:INFO:display_container: 2
2022-01-13 18:00:41,163:INFO:GaussianNB(priors=None, var_smoothing=1e-09)
2022-01-13 18:00:41,163:INFO:create_model() succesfully completed......................................
2022-01-13 18:00:41,328:INFO:SubProcess create_model() end ==================================
2022-01-13 18:00:41,328:INFO:Creating metrics dataframe
2022-01-13 18:00:41,335:INFO:Initializing Decision Tree Classifier
2022-01-13 18:00:41,335:INFO:Total runtime is 0.11962509950002036 minutes
2022-01-13 18:00:41,337:INFO:SubProcess create_model() called ==================================
2022-01-13 18:00:41,338:INFO:Initializing create_model()
2022-01-13 18:00:41,338:INFO:create_model(estimator=dt, fold=StratifiedKFold(n_splits=10, random_state=None, shuffle=False), round=4, cross_validation=True, predict=True, fit_kwargs={}, groups=None, refit=False, verbose=False, system=False, metrics=None, add_to_model_list=True, display=<pycaret.internal.Display.Display object at 0x0000028FAA3670A0>, kwargs={})
2022-01-13 18:00:41,338:INFO:Checking exceptions
2022-01-13 18:00:41,338:INFO:Importing libraries
2022-01-13 18:00:41,338:INFO:Copying training dataset
2022-01-13 18:00:41,338:INFO:Defining folds
2022-01-13 18:00:41,339:INFO:Declaring metric variables
2022-01-13 18:00:41,341:INFO:Importing untrained model
2022-01-13 18:00:41,343:INFO:Decision Tree Classifier Imported succesfully
2022-01-13 18:00:41,348:INFO:Starting cross validation
2022-01-13 18:00:41,348:INFO:Cross validating with StratifiedKFold(n_splits=10, random_state=None, shuffle=False), n_jobs=-1
2022-01-13 18:00:41,403:INFO:Calculating mean and std
2022-01-13 18:00:41,403:INFO:Creating metrics dataframe
2022-01-13 18:00:41,406:INFO:Uploading results into container
2022-01-13 18:00:41,406:INFO:Uploading model into container now
2022-01-13 18:00:41,406:INFO:create_model_container: 4
2022-01-13 18:00:41,406:INFO:master_model_container: 4
2022-01-13 18:00:41,406:INFO:display_container: 2
2022-01-13 18:00:41,407:INFO:DecisionTreeClassifier(ccp_alpha=0.0, class_weight=None, criterion='gini',
                       max_depth=None, max_features=None, max_leaf_nodes=None,
                       min_impurity_decrease=0.0, min_impurity_split=None,
                       min_samples_leaf=1, min_samples_split=2,
                       min_weight_fraction_leaf=0.0, presort='deprecated',
                       random_state=5005, splitter='best')
2022-01-13 18:00:41,407:INFO:create_model() succesfully completed......................................
2022-01-13 18:00:41,487:INFO:SubProcess create_model() end ==================================
2022-01-13 18:00:41,487:INFO:Creating metrics dataframe
2022-01-13 18:00:41,492:INFO:Initializing SVM - Linear Kernel
2022-01-13 18:00:41,492:INFO:Total runtime is 0.12224214871724448 minutes
2022-01-13 18:00:41,494:INFO:SubProcess create_model() called ==================================
2022-01-13 18:00:41,495:INFO:Initializing create_model()
2022-01-13 18:00:41,495:INFO:create_model(estimator=svm, fold=StratifiedKFold(n_splits=10, random_state=None, shuffle=False), round=4, cross_validation=True, predict=True, fit_kwargs={}, groups=None, refit=False, verbose=False, system=False, metrics=None, add_to_model_list=True, display=<pycaret.internal.Display.Display object at 0x0000028FAA3670A0>, kwargs={})
2022-01-13 18:00:41,495:INFO:Checking exceptions
2022-01-13 18:00:41,495:INFO:Importing libraries
2022-01-13 18:00:41,495:INFO:Copying training dataset
2022-01-13 18:00:41,495:INFO:Defining folds
2022-01-13 18:00:41,495:INFO:Declaring metric variables
2022-01-13 18:00:41,497:INFO:Importing untrained model
2022-01-13 18:00:41,499:INFO:SVM - Linear Kernel Imported succesfully
2022-01-13 18:00:41,503:INFO:Starting cross validation
2022-01-13 18:00:41,503:INFO:Cross validating with StratifiedKFold(n_splits=10, random_state=None, shuffle=False), n_jobs=-1
2022-01-13 18:00:41,630:INFO:Calculating mean and std
2022-01-13 18:00:41,630:INFO:Creating metrics dataframe
2022-01-13 18:00:41,633:INFO:Uploading results into container
2022-01-13 18:00:41,633:INFO:Uploading model into container now
2022-01-13 18:00:41,633:INFO:create_model_container: 5
2022-01-13 18:00:41,633:INFO:master_model_container: 5
2022-01-13 18:00:41,633:INFO:display_container: 2
2022-01-13 18:00:41,634:INFO:SGDClassifier(alpha=0.0001, average=False, class_weight=None,
              early_stopping=False, epsilon=0.1, eta0=0.001, fit_intercept=True,
              l1_ratio=0.15, learning_rate='optimal', loss='hinge',
              max_iter=1000, n_iter_no_change=5, n_jobs=-1, penalty='l2',
              power_t=0.5, random_state=5005, shuffle=True, tol=0.001,
              validation_fraction=0.1, verbose=0, warm_start=False)
2022-01-13 18:00:41,634:INFO:create_model() succesfully completed......................................
2022-01-13 18:00:41,701:INFO:SubProcess create_model() end ==================================
2022-01-13 18:00:41,701:INFO:Creating metrics dataframe
2022-01-13 18:00:41,707:INFO:Initializing Ridge Classifier
2022-01-13 18:00:41,707:INFO:Total runtime is 0.12581987778345746 minutes
2022-01-13 18:00:41,709:INFO:SubProcess create_model() called ==================================
2022-01-13 18:00:41,709:INFO:Initializing create_model()
2022-01-13 18:00:41,709:INFO:create_model(estimator=ridge, fold=StratifiedKFold(n_splits=10, random_state=None, shuffle=False), round=4, cross_validation=True, predict=True, fit_kwargs={}, groups=None, refit=False, verbose=False, system=False, metrics=None, add_to_model_list=True, display=<pycaret.internal.Display.Display object at 0x0000028FAA3670A0>, kwargs={})
2022-01-13 18:00:41,709:INFO:Checking exceptions
2022-01-13 18:00:41,710:INFO:Importing libraries
2022-01-13 18:00:41,710:INFO:Copying training dataset
2022-01-13 18:00:41,710:INFO:Defining folds
2022-01-13 18:00:41,710:INFO:Declaring metric variables
2022-01-13 18:00:41,712:INFO:Importing untrained model
2022-01-13 18:00:41,714:INFO:Ridge Classifier Imported succesfully
2022-01-13 18:00:41,718:INFO:Starting cross validation
2022-01-13 18:00:41,718:INFO:Cross validating with StratifiedKFold(n_splits=10, random_state=None, shuffle=False), n_jobs=-1
2022-01-13 18:00:41,756:INFO:Calculating mean and std
2022-01-13 18:00:41,756:INFO:Creating metrics dataframe
2022-01-13 18:00:41,759:INFO:Uploading results into container
2022-01-13 18:00:41,759:INFO:Uploading model into container now
2022-01-13 18:00:41,759:INFO:create_model_container: 6
2022-01-13 18:00:41,759:INFO:master_model_container: 6
2022-01-13 18:00:41,759:INFO:display_container: 2
2022-01-13 18:00:41,760:INFO:RidgeClassifier(alpha=1.0, class_weight=None, copy_X=True, fit_intercept=True,
                max_iter=None, normalize=False, random_state=5005,
                solver='auto', tol=0.001)
2022-01-13 18:00:41,760:INFO:create_model() succesfully completed......................................
2022-01-13 18:00:41,828:INFO:SubProcess create_model() end ==================================
2022-01-13 18:00:41,828:INFO:Creating metrics dataframe
2022-01-13 18:00:41,834:INFO:Initializing Random Forest Classifier
2022-01-13 18:00:41,834:INFO:Total runtime is 0.1279400189717611 minutes
2022-01-13 18:00:41,836:INFO:SubProcess create_model() called ==================================
2022-01-13 18:00:41,836:INFO:Initializing create_model()
2022-01-13 18:00:41,836:INFO:create_model(estimator=rf, fold=StratifiedKFold(n_splits=10, random_state=None, shuffle=False), round=4, cross_validation=True, predict=True, fit_kwargs={}, groups=None, refit=False, verbose=False, system=False, metrics=None, add_to_model_list=True, display=<pycaret.internal.Display.Display object at 0x0000028FAA3670A0>, kwargs={})
2022-01-13 18:00:41,836:INFO:Checking exceptions
2022-01-13 18:00:41,836:INFO:Importing libraries
2022-01-13 18:00:41,836:INFO:Copying training dataset
2022-01-13 18:00:41,837:INFO:Defining folds
2022-01-13 18:00:41,837:INFO:Declaring metric variables
2022-01-13 18:00:41,839:INFO:Importing untrained model
2022-01-13 18:00:41,841:INFO:Random Forest Classifier Imported succesfully
2022-01-13 18:00:41,845:INFO:Starting cross validation
2022-01-13 18:00:41,845:INFO:Cross validating with StratifiedKFold(n_splits=10, random_state=None, shuffle=False), n_jobs=-1
2022-01-13 18:00:42,436:INFO:Calculating mean and std
2022-01-13 18:00:42,437:INFO:Creating metrics dataframe
2022-01-13 18:00:42,440:INFO:Uploading results into container
2022-01-13 18:00:42,440:INFO:Uploading model into container now
2022-01-13 18:00:42,440:INFO:create_model_container: 7
2022-01-13 18:00:42,440:INFO:master_model_container: 7
2022-01-13 18:00:42,440:INFO:display_container: 2
2022-01-13 18:00:42,441:INFO:RandomForestClassifier(bootstrap=True, ccp_alpha=0.0, class_weight=None,
                       criterion='gini', max_depth=None, max_features='auto',
                       max_leaf_nodes=None, max_samples=None,
                       min_impurity_decrease=0.0, min_impurity_split=None,
                       min_samples_leaf=1, min_samples_split=2,
                       min_weight_fraction_leaf=0.0, n_estimators=100,
                       n_jobs=-1, oob_score=False, random_state=5005, verbose=0,
                       warm_start=False)
2022-01-13 18:00:42,441:INFO:create_model() succesfully completed......................................
2022-01-13 18:00:42,519:INFO:SubProcess create_model() end ==================================
2022-01-13 18:00:42,519:INFO:Creating metrics dataframe
2022-01-13 18:00:42,524:INFO:Initializing Quadratic Discriminant Analysis
2022-01-13 18:00:42,524:INFO:Total runtime is 0.13943550984064743 minutes
2022-01-13 18:00:42,526:INFO:SubProcess create_model() called ==================================
2022-01-13 18:00:42,527:INFO:Initializing create_model()
2022-01-13 18:00:42,527:INFO:create_model(estimator=qda, fold=StratifiedKFold(n_splits=10, random_state=None, shuffle=False), round=4, cross_validation=True, predict=True, fit_kwargs={}, groups=None, refit=False, verbose=False, system=False, metrics=None, add_to_model_list=True, display=<pycaret.internal.Display.Display object at 0x0000028FAA3670A0>, kwargs={})
2022-01-13 18:00:42,527:INFO:Checking exceptions
2022-01-13 18:00:42,527:INFO:Importing libraries
2022-01-13 18:00:42,527:INFO:Copying training dataset
2022-01-13 18:00:42,527:INFO:Defining folds
2022-01-13 18:00:42,527:INFO:Declaring metric variables
2022-01-13 18:00:42,529:INFO:Importing untrained model
2022-01-13 18:00:42,531:INFO:Quadratic Discriminant Analysis Imported succesfully
2022-01-13 18:00:42,535:INFO:Starting cross validation
2022-01-13 18:00:42,535:INFO:Cross validating with StratifiedKFold(n_splits=10, random_state=None, shuffle=False), n_jobs=-1
2022-01-13 18:00:42,601:INFO:Calculating mean and std
2022-01-13 18:00:42,601:INFO:Creating metrics dataframe
2022-01-13 18:00:42,605:INFO:Uploading results into container
2022-01-13 18:00:42,605:INFO:Uploading model into container now
2022-01-13 18:00:42,605:INFO:create_model_container: 8
2022-01-13 18:00:42,605:INFO:master_model_container: 8
2022-01-13 18:00:42,605:INFO:display_container: 2
2022-01-13 18:00:42,605:INFO:QuadraticDiscriminantAnalysis(priors=None, reg_param=0.0,
                              store_covariance=False, tol=0.0001)
2022-01-13 18:00:42,605:INFO:create_model() succesfully completed......................................
2022-01-13 18:00:42,700:INFO:SubProcess create_model() end ==================================
2022-01-13 18:00:42,700:INFO:Creating metrics dataframe
2022-01-13 18:00:42,705:INFO:Initializing Ada Boost Classifier
2022-01-13 18:00:42,705:INFO:Total runtime is 0.14245007038116458 minutes
2022-01-13 18:00:42,707:INFO:SubProcess create_model() called ==================================
2022-01-13 18:00:42,707:INFO:Initializing create_model()
2022-01-13 18:00:42,707:INFO:create_model(estimator=ada, fold=StratifiedKFold(n_splits=10, random_state=None, shuffle=False), round=4, cross_validation=True, predict=True, fit_kwargs={}, groups=None, refit=False, verbose=False, system=False, metrics=None, add_to_model_list=True, display=<pycaret.internal.Display.Display object at 0x0000028FAA3670A0>, kwargs={})
2022-01-13 18:00:42,707:INFO:Checking exceptions
2022-01-13 18:00:42,707:INFO:Importing libraries
2022-01-13 18:00:42,707:INFO:Copying training dataset
2022-01-13 18:00:42,708:INFO:Defining folds
2022-01-13 18:00:42,708:INFO:Declaring metric variables
2022-01-13 18:00:42,710:INFO:Importing untrained model
2022-01-13 18:00:42,712:INFO:Ada Boost Classifier Imported succesfully
2022-01-13 18:00:42,715:INFO:Starting cross validation
2022-01-13 18:00:42,715:INFO:Cross validating with StratifiedKFold(n_splits=10, random_state=None, shuffle=False), n_jobs=-1
2022-01-13 18:00:42,992:INFO:Calculating mean and std
2022-01-13 18:00:42,993:INFO:Creating metrics dataframe
2022-01-13 18:00:42,996:INFO:Uploading results into container
2022-01-13 18:00:42,996:INFO:Uploading model into container now
2022-01-13 18:00:42,996:INFO:create_model_container: 9
2022-01-13 18:00:42,996:INFO:master_model_container: 9
2022-01-13 18:00:42,996:INFO:display_container: 2
2022-01-13 18:00:42,996:INFO:AdaBoostClassifier(algorithm='SAMME.R', base_estimator=None, learning_rate=1.0,
                   n_estimators=50, random_state=5005)
2022-01-13 18:00:42,996:INFO:create_model() succesfully completed......................................
2022-01-13 18:00:43,067:INFO:SubProcess create_model() end ==================================
2022-01-13 18:00:43,067:INFO:Creating metrics dataframe
2022-01-13 18:00:43,072:INFO:Initializing Gradient Boosting Classifier
2022-01-13 18:00:43,072:INFO:Total runtime is 0.14857894579569503 minutes
2022-01-13 18:00:43,074:INFO:SubProcess create_model() called ==================================
2022-01-13 18:00:43,075:INFO:Initializing create_model()
2022-01-13 18:00:43,075:INFO:create_model(estimator=gbc, fold=StratifiedKFold(n_splits=10, random_state=None, shuffle=False), round=4, cross_validation=True, predict=True, fit_kwargs={}, groups=None, refit=False, verbose=False, system=False, metrics=None, add_to_model_list=True, display=<pycaret.internal.Display.Display object at 0x0000028FAA3670A0>, kwargs={})
2022-01-13 18:00:43,075:INFO:Checking exceptions
2022-01-13 18:00:43,075:INFO:Importing libraries
2022-01-13 18:00:43,075:INFO:Copying training dataset
2022-01-13 18:00:43,075:INFO:Defining folds
2022-01-13 18:00:43,075:INFO:Declaring metric variables
2022-01-13 18:00:43,077:INFO:Importing untrained model
2022-01-13 18:00:43,079:INFO:Gradient Boosting Classifier Imported succesfully
2022-01-13 18:00:43,083:INFO:Starting cross validation
2022-01-13 18:00:43,083:INFO:Cross validating with StratifiedKFold(n_splits=10, random_state=None, shuffle=False), n_jobs=-1
2022-01-13 18:00:46,082:INFO:Calculating mean and std
2022-01-13 18:00:46,083:INFO:Creating metrics dataframe
2022-01-13 18:00:46,086:INFO:Uploading results into container
2022-01-13 18:00:46,086:INFO:Uploading model into container now
2022-01-13 18:00:46,086:INFO:create_model_container: 10
2022-01-13 18:00:46,086:INFO:master_model_container: 10
2022-01-13 18:00:46,086:INFO:display_container: 2
2022-01-13 18:00:46,087:INFO:GradientBoostingClassifier(ccp_alpha=0.0, criterion='friedman_mse', init=None,
                           learning_rate=0.1, loss='deviance', max_depth=3,
                           max_features=None, max_leaf_nodes=None,
                           min_impurity_decrease=0.0, min_impurity_split=None,
                           min_samples_leaf=1, min_samples_split=2,
                           min_weight_fraction_leaf=0.0, n_estimators=100,
                           n_iter_no_change=None, presort='deprecated',
                           random_state=5005, subsample=1.0, tol=0.0001,
                           validation_fraction=0.1, verbose=0,
                           warm_start=False)
2022-01-13 18:00:46,087:INFO:create_model() succesfully completed......................................
2022-01-13 18:00:46,161:INFO:SubProcess create_model() end ==================================
2022-01-13 18:00:46,161:INFO:Creating metrics dataframe
2022-01-13 18:00:46,167:INFO:Initializing Linear Discriminant Analysis
2022-01-13 18:00:46,167:INFO:Total runtime is 0.20016054312388107 minutes
2022-01-13 18:00:46,169:INFO:SubProcess create_model() called ==================================
2022-01-13 18:00:46,169:INFO:Initializing create_model()
2022-01-13 18:00:46,169:INFO:create_model(estimator=lda, fold=StratifiedKFold(n_splits=10, random_state=None, shuffle=False), round=4, cross_validation=True, predict=True, fit_kwargs={}, groups=None, refit=False, verbose=False, system=False, metrics=None, add_to_model_list=True, display=<pycaret.internal.Display.Display object at 0x0000028FAA3670A0>, kwargs={})
2022-01-13 18:00:46,169:INFO:Checking exceptions
2022-01-13 18:00:46,169:INFO:Importing libraries
2022-01-13 18:00:46,169:INFO:Copying training dataset
2022-01-13 18:00:46,170:INFO:Defining folds
2022-01-13 18:00:46,170:INFO:Declaring metric variables
2022-01-13 18:00:46,172:INFO:Importing untrained model
2022-01-13 18:00:46,174:INFO:Linear Discriminant Analysis Imported succesfully
2022-01-13 18:00:46,177:INFO:Starting cross validation
2022-01-13 18:00:46,178:INFO:Cross validating with StratifiedKFold(n_splits=10, random_state=None, shuffle=False), n_jobs=-1
2022-01-13 18:00:46,259:INFO:Calculating mean and std
2022-01-13 18:00:46,260:INFO:Creating metrics dataframe
2022-01-13 18:00:46,265:INFO:Uploading results into container
2022-01-13 18:00:46,265:INFO:Uploading model into container now
2022-01-13 18:00:46,265:INFO:create_model_container: 11
2022-01-13 18:00:46,265:INFO:master_model_container: 11
2022-01-13 18:00:46,265:INFO:display_container: 2
2022-01-13 18:00:46,265:INFO:LinearDiscriminantAnalysis(n_components=None, priors=None, shrinkage=None,
                           solver='svd', store_covariance=False, tol=0.0001)
2022-01-13 18:00:46,265:INFO:create_model() succesfully completed......................................
2022-01-13 18:00:46,364:INFO:SubProcess create_model() end ==================================
2022-01-13 18:00:46,364:INFO:Creating metrics dataframe
2022-01-13 18:00:46,369:INFO:Initializing Extra Trees Classifier
2022-01-13 18:00:46,369:INFO:Total runtime is 0.20352294842402144 minutes
2022-01-13 18:00:46,371:INFO:SubProcess create_model() called ==================================
2022-01-13 18:00:46,372:INFO:Initializing create_model()
2022-01-13 18:00:46,372:INFO:create_model(estimator=et, fold=StratifiedKFold(n_splits=10, random_state=None, shuffle=False), round=4, cross_validation=True, predict=True, fit_kwargs={}, groups=None, refit=False, verbose=False, system=False, metrics=None, add_to_model_list=True, display=<pycaret.internal.Display.Display object at 0x0000028FAA3670A0>, kwargs={})
2022-01-13 18:00:46,372:INFO:Checking exceptions
2022-01-13 18:00:46,372:INFO:Importing libraries
2022-01-13 18:00:46,372:INFO:Copying training dataset
2022-01-13 18:00:46,372:INFO:Defining folds
2022-01-13 18:00:46,372:INFO:Declaring metric variables
2022-01-13 18:00:46,374:INFO:Importing untrained model
2022-01-13 18:00:46,376:INFO:Extra Trees Classifier Imported succesfully
2022-01-13 18:00:46,380:INFO:Starting cross validation
2022-01-13 18:00:46,380:INFO:Cross validating with StratifiedKFold(n_splits=10, random_state=None, shuffle=False), n_jobs=-1
2022-01-13 18:00:46,941:INFO:Calculating mean and std
2022-01-13 18:00:46,941:INFO:Creating metrics dataframe
2022-01-13 18:00:46,944:INFO:Uploading results into container
2022-01-13 18:00:46,944:INFO:Uploading model into container now
2022-01-13 18:00:46,945:INFO:create_model_container: 12
2022-01-13 18:00:46,945:INFO:master_model_container: 12
2022-01-13 18:00:46,945:INFO:display_container: 2
2022-01-13 18:00:46,945:INFO:ExtraTreesClassifier(bootstrap=False, ccp_alpha=0.0, class_weight=None,
                     criterion='gini', max_depth=None, max_features='auto',
                     max_leaf_nodes=None, max_samples=None,
                     min_impurity_decrease=0.0, min_impurity_split=None,
                     min_samples_leaf=1, min_samples_split=2,
                     min_weight_fraction_leaf=0.0, n_estimators=100, n_jobs=-1,
                     oob_score=False, random_state=5005, verbose=0,
                     warm_start=False)
2022-01-13 18:00:46,945:INFO:create_model() succesfully completed......................................
2022-01-13 18:00:47,040:INFO:SubProcess create_model() end ==================================
2022-01-13 18:00:47,041:INFO:Creating metrics dataframe
2022-01-13 18:00:47,046:INFO:Initializing Light Gradient Boosting Machine
2022-01-13 18:00:47,046:INFO:Total runtime is 0.2148027062416077 minutes
2022-01-13 18:00:47,048:INFO:SubProcess create_model() called ==================================
2022-01-13 18:00:47,048:INFO:Initializing create_model()
2022-01-13 18:00:47,048:INFO:create_model(estimator=lightgbm, fold=StratifiedKFold(n_splits=10, random_state=None, shuffle=False), round=4, cross_validation=True, predict=True, fit_kwargs={}, groups=None, refit=False, verbose=False, system=False, metrics=None, add_to_model_list=True, display=<pycaret.internal.Display.Display object at 0x0000028FAA3670A0>, kwargs={})
2022-01-13 18:00:47,048:INFO:Checking exceptions
2022-01-13 18:00:47,048:INFO:Importing libraries
2022-01-13 18:00:47,048:INFO:Copying training dataset
2022-01-13 18:00:47,049:INFO:Defining folds
2022-01-13 18:00:47,049:INFO:Declaring metric variables
2022-01-13 18:00:47,051:INFO:Importing untrained model
2022-01-13 18:00:47,053:INFO:Light Gradient Boosting Machine Imported succesfully
2022-01-13 18:00:47,057:INFO:Starting cross validation
2022-01-13 18:00:47,058:INFO:Cross validating with StratifiedKFold(n_splits=10, random_state=None, shuffle=False), n_jobs=-1
2022-01-13 18:00:47,670:INFO:Calculating mean and std
2022-01-13 18:00:47,670:INFO:Creating metrics dataframe
2022-01-13 18:00:47,676:INFO:Uploading results into container
2022-01-13 18:00:47,676:INFO:Uploading model into container now
2022-01-13 18:00:47,676:INFO:create_model_container: 13
2022-01-13 18:00:47,676:INFO:master_model_container: 13
2022-01-13 18:00:47,676:INFO:display_container: 2
2022-01-13 18:00:47,677:INFO:LGBMClassifier(boosting_type='gbdt', class_weight=None, colsample_bytree=1.0,
               importance_type='split', learning_rate=0.1, max_depth=-1,
               min_child_samples=20, min_child_weight=0.001, min_split_gain=0.0,
               n_estimators=100, n_jobs=-1, num_leaves=31, objective=None,
               random_state=5005, reg_alpha=0.0, reg_lambda=0.0, silent='warn',
               subsample=1.0, subsample_for_bin=200000, subsample_freq=0)
2022-01-13 18:00:47,677:INFO:create_model() succesfully completed......................................
2022-01-13 18:00:47,759:INFO:SubProcess create_model() end ==================================
2022-01-13 18:00:47,759:INFO:Creating metrics dataframe
2022-01-13 18:00:47,771:INFO:Initializing create_model()
2022-01-13 18:00:47,771:INFO:create_model(estimator=GradientBoostingClassifier(ccp_alpha=0.0, criterion='friedman_mse', init=None,
                           learning_rate=0.1, loss='deviance', max_depth=3,
                           max_features=None, max_leaf_nodes=None,
                           min_impurity_decrease=0.0, min_impurity_split=None,
                           min_samples_leaf=1, min_samples_split=2,
                           min_weight_fraction_leaf=0.0, n_estimators=100,
                           n_iter_no_change=None, presort='deprecated',
                           random_state=5005, subsample=1.0, tol=0.0001,
                           validation_fraction=0.1, verbose=0,
                           warm_start=False), fold=StratifiedKFold(n_splits=10, random_state=None, shuffle=False), round=4, cross_validation=False, predict=False, fit_kwargs={}, groups=None, refit=True, verbose=False, system=False, metrics=None, add_to_model_list=True, display=None, kwargs={})
2022-01-13 18:00:47,771:INFO:Checking exceptions
2022-01-13 18:00:47,771:INFO:Importing libraries
2022-01-13 18:00:47,771:INFO:Copying training dataset
2022-01-13 18:00:47,771:INFO:Defining folds
2022-01-13 18:00:47,771:INFO:Declaring metric variables
2022-01-13 18:00:47,771:INFO:Importing untrained model
2022-01-13 18:00:47,772:INFO:Declaring custom model
2022-01-13 18:00:47,772:INFO:Gradient Boosting Classifier Imported succesfully
2022-01-13 18:00:47,772:INFO:Cross validation set to False
2022-01-13 18:00:47,772:INFO:Fitting Model
2022-01-13 18:00:50,366:INFO:GradientBoostingClassifier(ccp_alpha=0.0, criterion='friedman_mse', init=None,
                           learning_rate=0.1, loss='deviance', max_depth=3,
                           max_features=None, max_leaf_nodes=None,
                           min_impurity_decrease=0.0, min_impurity_split=None,
                           min_samples_leaf=1, min_samples_split=2,
                           min_weight_fraction_leaf=0.0, n_estimators=100,
                           n_iter_no_change=None, presort='deprecated',
                           random_state=5005, subsample=1.0, tol=0.0001,
                           validation_fraction=0.1, verbose=0,
                           warm_start=False)
2022-01-13 18:00:50,366:INFO:create_models() succesfully completed......................................
2022-01-13 18:00:50,448:INFO:create_model_container: 13
2022-01-13 18:00:50,448:INFO:master_model_container: 13
2022-01-13 18:00:50,448:INFO:display_container: 2
2022-01-13 18:00:50,449:INFO:GradientBoostingClassifier(ccp_alpha=0.0, criterion='friedman_mse', init=None,
                           learning_rate=0.1, loss='deviance', max_depth=3,
                           max_features=None, max_leaf_nodes=None,
                           min_impurity_decrease=0.0, min_impurity_split=None,
                           min_samples_leaf=1, min_samples_split=2,
                           min_weight_fraction_leaf=0.0, n_estimators=100,
                           n_iter_no_change=None, presort='deprecated',
                           random_state=5005, subsample=1.0, tol=0.0001,
                           validation_fraction=0.1, verbose=0,
                           warm_start=False)
2022-01-13 18:00:50,449:INFO:compare_models() succesfully completed......................................
2022-01-13 18:00:50,451:INFO:Initializing create_model()
2022-01-13 18:00:50,451:INFO:create_model(estimator=rf, fold=None, round=4, cross_validation=True, predict=True, fit_kwargs=None, groups=None, refit=True, verbose=True, system=True, metrics=None, add_to_model_list=True, display=None, kwargs={})
2022-01-13 18:00:50,451:INFO:Checking exceptions
2022-01-13 18:00:50,452:INFO:Preparing display monitor
2022-01-13 18:00:50,460:INFO:Importing libraries
2022-01-13 18:00:50,461:INFO:Copying training dataset
2022-01-13 18:00:50,461:INFO:Defining folds
2022-01-13 18:00:50,461:INFO:Declaring metric variables
2022-01-13 18:00:50,467:INFO:Importing untrained model
2022-01-13 18:00:50,473:INFO:Random Forest Classifier Imported succesfully
2022-01-13 18:00:50,484:INFO:Starting cross validation
2022-01-13 18:00:50,484:INFO:Cross validating with StratifiedKFold(n_splits=10, random_state=None, shuffle=False), n_jobs=-1
2022-01-13 18:00:50,998:INFO:Calculating mean and std
2022-01-13 18:00:50,999:INFO:Creating metrics dataframe
2022-01-13 18:00:51,011:INFO:Finalizing model
2022-01-13 18:00:51,242:INFO:Uploading results into container
2022-01-13 18:00:51,242:INFO:Uploading model into container now
2022-01-13 18:00:51,242:INFO:create_model_container: 14
2022-01-13 18:00:51,242:INFO:master_model_container: 14
2022-01-13 18:00:51,242:INFO:display_container: 3
2022-01-13 18:00:51,243:INFO:RandomForestClassifier(bootstrap=True, ccp_alpha=0.0, class_weight=None,
                       criterion='gini', max_depth=None, max_features='auto',
                       max_leaf_nodes=None, max_samples=None,
                       min_impurity_decrease=0.0, min_impurity_split=None,
                       min_samples_leaf=1, min_samples_split=2,
                       min_weight_fraction_leaf=0.0, n_estimators=100,
                       n_jobs=-1, oob_score=False, random_state=5005, verbose=0,
                       warm_start=False)
2022-01-13 18:00:51,243:INFO:create_model() succesfully completed......................................
2022-01-13 18:00:51,314:INFO:Initializing tune_model()
2022-01-13 18:00:51,314:INFO:tune_model(estimator=RandomForestClassifier(bootstrap=True, ccp_alpha=0.0, class_weight=None,
                       criterion='gini', max_depth=None, max_features='auto',
                       max_leaf_nodes=None, max_samples=None,
                       min_impurity_decrease=0.0, min_impurity_split=None,
                       min_samples_leaf=1, min_samples_split=2,
                       min_weight_fraction_leaf=0.0, n_estimators=100,
                       n_jobs=-1, oob_score=False, random_state=5005, verbose=0,
                       warm_start=False), fold=None, round=4, n_iter=10, custom_grid=None, optimize=Accuracy, custom_scorer=None, search_library=scikit-learn, search_algorithm=None, early_stopping=False, early_stopping_max_iters=10, choose_better=False, fit_kwargs=None, groups=None, return_tuner=False, verbose=True, tuner_verbose=True, display=None, kwargs={})
2022-01-13 18:00:51,314:INFO:Checking exceptions
2022-01-13 18:00:51,315:INFO:Preparing display monitor
2022-01-13 18:00:51,323:INFO:Copying training dataset
2022-01-13 18:00:51,324:INFO:Checking base model
2022-01-13 18:00:51,324:INFO:Base model : Random Forest Classifier
2022-01-13 18:00:51,330:INFO:Declaring metric variables
2022-01-13 18:00:51,335:INFO:Defining Hyperparameters
2022-01-13 18:00:51,404:INFO:Tuning with n_jobs=-1
2022-01-13 18:00:51,404:INFO:Initializing RandomizedSearchCV
2022-01-13 18:00:54,956:INFO:best_params: {'actual_estimator__n_estimators': 70, 'actual_estimator__min_samples_split': 9, 'actual_estimator__min_samples_leaf': 5, 'actual_estimator__min_impurity_decrease': 0.3, 'actual_estimator__max_features': 1.0, 'actual_estimator__max_depth': 9, 'actual_estimator__criterion': 'entropy', 'actual_estimator__class_weight': {}, 'actual_estimator__bootstrap': False}
2022-01-13 18:00:54,956:INFO:Hyperparameter search completed
2022-01-13 18:00:54,956:INFO:SubProcess create_model() called ==================================
2022-01-13 18:00:54,956:INFO:Initializing create_model()
2022-01-13 18:00:54,957:INFO:create_model(estimator=RandomForestClassifier(bootstrap=True, ccp_alpha=0.0, class_weight=None,
                       criterion='gini', max_depth=None, max_features='auto',
                       max_leaf_nodes=None, max_samples=None,
                       min_impurity_decrease=0.0, min_impurity_split=None,
                       min_samples_leaf=1, min_samples_split=2,
                       min_weight_fraction_leaf=0.0, n_estimators=100,
                       n_jobs=-1, oob_score=False, random_state=5005, verbose=0,
                       warm_start=False), fold=StratifiedKFold(n_splits=10, random_state=None, shuffle=False), round=4, cross_validation=True, predict=True, fit_kwargs={}, groups=None, refit=True, verbose=True, system=False, metrics=None, add_to_model_list=True, display=<pycaret.internal.Display.Display object at 0x0000028FAAEBCF10>, kwargs={'n_estimators': 70, 'min_samples_split': 9, 'min_samples_leaf': 5, 'min_impurity_decrease': 0.3, 'max_features': 1.0, 'max_depth': 9, 'criterion': 'entropy', 'class_weight': {}, 'bootstrap': False})
2022-01-13 18:00:54,957:INFO:Checking exceptions
2022-01-13 18:00:54,957:INFO:Importing libraries
2022-01-13 18:00:54,957:INFO:Copying training dataset
2022-01-13 18:00:54,957:INFO:Defining folds
2022-01-13 18:00:54,957:INFO:Declaring metric variables
2022-01-13 18:00:54,964:INFO:Importing untrained model
2022-01-13 18:00:54,964:INFO:Declaring custom model
2022-01-13 18:00:54,971:INFO:Random Forest Classifier Imported succesfully
2022-01-13 18:00:54,984:INFO:Starting cross validation
2022-01-13 18:00:54,984:INFO:Cross validating with StratifiedKFold(n_splits=10, random_state=None, shuffle=False), n_jobs=-1
2022-01-13 18:00:55,450:INFO:Calculating mean and std
2022-01-13 18:00:55,451:INFO:Creating metrics dataframe
2022-01-13 18:00:55,464:INFO:Finalizing model
2022-01-13 18:00:55,593:INFO:Uploading results into container
2022-01-13 18:00:55,593:INFO:Uploading model into container now
2022-01-13 18:00:55,593:INFO:create_model_container: 15
2022-01-13 18:00:55,593:INFO:master_model_container: 15
2022-01-13 18:00:55,593:INFO:display_container: 4
2022-01-13 18:00:55,593:INFO:RandomForestClassifier(bootstrap=False, ccp_alpha=0.0, class_weight={},
                       criterion='entropy', max_depth=9, max_features=1.0,
                       max_leaf_nodes=None, max_samples=None,
                       min_impurity_decrease=0.3, min_impurity_split=None,
                       min_samples_leaf=5, min_samples_split=9,
                       min_weight_fraction_leaf=0.0, n_estimators=70, n_jobs=-1,
                       oob_score=False, random_state=5005, verbose=0,
                       warm_start=False)
2022-01-13 18:00:55,593:INFO:create_model() succesfully completed......................................
2022-01-13 18:00:55,667:INFO:SubProcess create_model() end ==================================
2022-01-13 18:00:55,667:INFO:create_model_container: 15
2022-01-13 18:00:55,667:INFO:master_model_container: 15
2022-01-13 18:00:55,668:INFO:display_container: 4
2022-01-13 18:00:55,668:INFO:RandomForestClassifier(bootstrap=False, ccp_alpha=0.0, class_weight={},
                       criterion='entropy', max_depth=9, max_features=1.0,
                       max_leaf_nodes=None, max_samples=None,
                       min_impurity_decrease=0.3, min_impurity_split=None,
                       min_samples_leaf=5, min_samples_split=9,
                       min_weight_fraction_leaf=0.0, n_estimators=70, n_jobs=-1,
                       oob_score=False, random_state=5005, verbose=0,
                       warm_start=False)
2022-01-13 18:00:55,668:INFO:tune_model() succesfully completed......................................
2022-01-13 18:00:55,750:INFO:Initializing predict_model()
2022-01-13 18:00:55,750:INFO:predict_model(estimator=RandomForestClassifier(bootstrap=False, ccp_alpha=0.0, class_weight={},
                       criterion='entropy', max_depth=9, max_features=1.0,
                       max_leaf_nodes=None, max_samples=None,
                       min_impurity_decrease=0.3, min_impurity_split=None,
                       min_samples_leaf=5, min_samples_split=9,
                       min_weight_fraction_leaf=0.0, n_estimators=70, n_jobs=-1,
                       oob_score=False, random_state=5005, verbose=0,
                       warm_start=False), probability_threshold=None, encoded_labels=False, raw_score=False, round=4, verbose=True, ml_usecase=MLUsecase.CLASSIFICATION, display=None)
2022-01-13 18:00:55,750:INFO:Checking exceptions
2022-01-13 18:00:55,750:INFO:Preloading libraries
2022-01-13 18:00:55,750:INFO:Preparing display monitor
2022-01-13 18:00:55,924:INFO:Initializing plot_model()
2022-01-13 18:00:55,924:INFO:plot_model(fold=None, use_train_data=False, verbose=True, is_in_evaluate=False, display=None, display_format=None, estimator=RandomForestClassifier(bootstrap=True, ccp_alpha=0.0, class_weight=None,
                       criterion='gini', max_depth=None, max_features='auto',
                       max_leaf_nodes=None, max_samples=None,
                       min_impurity_decrease=0.0, min_impurity_split=None,
                       min_samples_leaf=1, min_samples_split=2,
                       min_weight_fraction_leaf=0.0, n_estimators=100,
                       n_jobs=-1, oob_score=False, random_state=5005, verbose=0,
                       warm_start=False), feature_name=None, fit_kwargs=None, groups=None, label=False, plot=confusion_matrix, save=False, scale=1, system=True)
2022-01-13 18:00:55,924:INFO:Checking exceptions
2022-01-13 18:00:55,940:INFO:Preparing display monitor
2022-01-13 18:00:55,944:INFO:Preloading libraries
2022-01-13 18:00:55,960:INFO:Copying training dataset
2022-01-13 18:00:55,961:INFO:Copying test dataset
2022-01-13 18:00:55,961:INFO:Plot type: confusion_matrix
2022-01-13 18:00:56,126:INFO:Fitting Model
2022-01-13 18:00:56,127:INFO:Scoring test/hold-out set
2022-01-13 18:36:15,550:INFO:PyCaret Supervised Module
2022-01-13 18:36:15,550:INFO:ML Usecase: classification
2022-01-13 18:36:15,551:INFO:version 2.3.4
2022-01-13 18:36:15,551:INFO:Initializing setup()
2022-01-13 18:36:15,551:INFO:setup(target=rating, ml_usecase=classification, available_plots={'parameter': 'Hyperparameters', 'auc': 'AUC', 'confusion_matrix': 'Confusion Matrix', 'threshold': 'Threshold', 'pr': 'Precision Recall', 'error': 'Prediction Error', 'class_report': 'Class Report', 'rfe': 'Feature Selection', 'learning': 'Learning Curve', 'manifold': 'Manifold Learning', 'calibration': 'Calibration Curve', 'vc': 'Validation Curve', 'dimension': 'Dimensions', 'feature': 'Feature Importance', 'feature_all': 'Feature Importance (All)', 'boundary': 'Decision Boundary', 'lift': 'Lift Chart', 'gain': 'Gain Chart', 'tree': 'Decision Tree', 'ks': 'KS Statistic Plot'}, train_size=0.7, test_data=None, preprocess=True, imputation_type=simple, iterative_imputation_iters=5, categorical_features=['genre', 'genres'], categorical_imputation=constant, categorical_iterative_imputer=lightgbm, ordinal_features=None, high_cardinality_features=None, high_cardinality_method=frequency, numeric_features=['rating_top', 'days', 'reviews_count', 'suggestions_count', 'ratings_count', 'metacritic', 'added'], numeric_imputation=mean, numeric_iterative_imputer=lightgbm, date_features=None, ignore_features=['name'], normalize=False, normalize_method=zscore, transformation=False, transformation_method=yeo-johnson, handle_unknown_categorical=True, unknown_categorical_method=least_frequent, pca=False, pca_method=linear, pca_components=None, ignore_low_variance=False, combine_rare_levels=False, rare_level_threshold=0.1, bin_numeric_features=None, remove_outliers=False, outliers_threshold=0.05, remove_multicollinearity=False, multicollinearity_threshold=0.9, remove_perfect_collinearity=True, create_clusters=False, cluster_iter=20, polynomial_features=False, polynomial_degree=2, trigonometry_features=False, polynomial_threshold=0.1, group_features=None, group_names=None, feature_selection=False, feature_selection_threshold=0.8, feature_selection_method=classic, feature_interaction=False, feature_ratio=False, interaction_threshold=0.01, fix_imbalance=False, fix_imbalance_method=None, transform_target=False, transform_target_method=box-cox, data_split_shuffle=True, data_split_stratify=False, fold_strategy=stratifiedkfold, fold=10, fold_shuffle=False, fold_groups=None, n_jobs=-1, use_gpu=False, custom_pipeline=None, html=True, session_id=None, log_experiment=False, experiment_name=None, log_plots=False, log_profile=False, log_data=False, silent=True, verbose=True, profile=False, profile_kwargs=None, display=None)
2022-01-13 18:36:15,551:INFO:Checking environment
2022-01-13 18:36:15,551:INFO:python_version: 3.8.10
2022-01-13 18:36:15,551:INFO:python_build: ('tags/v3.8.10:3d8993a', 'May  3 2021 11:48:03')
2022-01-13 18:36:15,551:INFO:machine: AMD64
2022-01-13 18:36:15,560:INFO:platform: Windows-10-10.0.19044-SP0
2022-01-13 18:36:15,561:WARNING:cannot find psutil installation. memory not traceable. Install psutil using pip to enable memory logging.
2022-01-13 18:36:15,561:INFO:Checking libraries
2022-01-13 18:36:15,561:INFO:pd==1.3.1
2022-01-13 18:36:15,561:INFO:numpy==1.19.5
2022-01-13 18:36:15,561:INFO:sklearn==0.23.2
2022-01-13 18:36:15,561:INFO:lightgbm==3.3.1
2022-01-13 18:36:15,562:WARNING:catboost not found
2022-01-13 18:36:15,563:WARNING:xgboost not found
2022-01-13 18:36:15,961:INFO:mlflow==1.21.0
2022-01-13 18:36:15,961:INFO:Checking Exceptions
2022-01-13 18:36:15,961:INFO:Declaring global variables
2022-01-13 18:36:15,961:INFO:USI: 080b
2022-01-13 18:36:15,961:INFO:pycaret_globals: {'fix_imbalance_method_param', 'USI', 'display_container', 'master_model_container', 'transform_target_method_param', 'log_plots_param', 'fix_imbalance_param', 'data_before_preprocess', '_all_models_internal', 'fold_groups_param_full', '_ml_usecase', 'y', 'X', 'pycaret_globals', '_internal_pipeline', 'iterative_imputation_iters_param', 'target_param', '_all_metrics', 'experiment__', 'seed', 'create_model_container', 'imputation_regressor', 'logging_param', 'y_train', '_gpu_n_jobs_param', '_all_models', 'y_test', 'fold_groups_param', 'fold_generator', '_available_plots', 'fold_param', 'transform_target_param', 'prep_pipe', 'html_param', 'X_test', 'fold_shuffle_param', 'n_jobs_param', 'exp_name_log', 'X_train', 'gpu_param', 'imputation_classifier', 'stratify_param'}
2022-01-13 18:36:15,962:INFO:Preparing display monitor
2022-01-13 18:36:15,962:INFO:Preparing display monitor
2022-01-13 18:36:15,968:INFO:Importing libraries
2022-01-13 18:36:15,968:INFO:Copying data for preprocessing
2022-01-13 18:36:15,970:INFO:Declaring preprocessing parameters
2022-01-13 18:36:15,971:INFO:Creating preprocessing pipeline
2022-01-13 18:36:15,975:INFO:Preprocessing pipeline created successfully
2022-01-13 18:36:15,975:ERROR:(Process Exit): setup has been interupted with user command 'quit'. setup must rerun.
2022-01-13 18:36:15,975:INFO:Creating global containers
2022-01-13 18:36:15,976:INFO:Internal pipeline: Pipeline(memory=None, steps=[('empty_step', 'passthrough')], verbose=False)
2022-01-13 18:36:16,204:WARNING:Couldn't import xgboost.XGBClassifier
2022-01-13 18:36:16,205:WARNING:Couldn't import catboost.CatBoostClassifier
2022-01-13 18:36:16,284:WARNING:Couldn't import xgboost.XGBClassifier
2022-01-13 18:36:16,285:WARNING:Couldn't import catboost.CatBoostClassifier
2022-01-13 18:36:16,286:INFO:Creating grid variables
2022-01-13 18:36:16,289:INFO:create_model_container: 0
2022-01-13 18:36:16,289:INFO:master_model_container: 0
2022-01-13 18:36:16,289:INFO:display_container: 1
2022-01-13 18:36:16,293:INFO:Pipeline(memory=None,
         steps=[('dtypes',
                 DataTypes_Auto_infer(categorical_features=['genre', 'genres'],
                                      display_types=False,
                                      features_todrop=['name'], id_columns=[],
                                      ml_usecase='classification',
                                      numerical_features=['rating_top', 'days',
                                                          'reviews_count',
                                                          'suggestions_count',
                                                          'ratings_count',
                                                          'metacritic',
                                                          'added'],
                                      target='rating', time_features=[])),
                ('imputer',
                 Simp...
                ('scaling', 'passthrough'), ('P_transform', 'passthrough'),
                ('binn', 'passthrough'), ('rem_outliers', 'passthrough'),
                ('cluster_all', 'passthrough'),
                ('dummy', Dummify(target='rating')),
                ('fix_perfect', Remove_100(target='rating')),
                ('clean_names', Clean_Colum_Names()),
                ('feature_select', 'passthrough'), ('fix_multi', 'passthrough'),
                ('dfs', 'passthrough'), ('pca', 'passthrough')],
         verbose=False)
2022-01-13 18:36:16,293:INFO:setup() succesfully completed......................................
2022-01-13 18:36:16,365:INFO:Initializing create_model()
2022-01-13 18:36:16,365:INFO:create_model(estimator=rf, fold=None, round=4, cross_validation=True, predict=True, fit_kwargs=None, groups=None, refit=True, verbose=True, system=True, metrics=None, add_to_model_list=True, display=None, kwargs={})
2022-01-13 18:36:16,365:INFO:Checking exceptions
2022-01-13 18:36:16,365:INFO:Preparing display monitor
2022-01-13 18:36:16,374:INFO:Importing libraries
2022-01-13 18:36:16,374:INFO:Copying training dataset
2022-01-13 18:36:16,375:INFO:Defining folds
2022-01-13 18:36:16,375:INFO:Declaring metric variables
2022-01-13 18:36:16,380:INFO:Importing untrained model
2022-01-13 18:36:16,386:INFO:Random Forest Classifier Imported succesfully
2022-01-13 18:36:16,397:INFO:Starting cross validation
2022-01-13 18:36:16,398:INFO:Cross validating with StratifiedKFold(n_splits=10, random_state=None, shuffle=False), n_jobs=-1
2022-01-13 18:36:20,023:INFO:Calculating mean and std
2022-01-13 18:36:20,024:INFO:Creating metrics dataframe
2022-01-13 18:36:20,033:INFO:Finalizing model
2022-01-13 18:36:20,246:INFO:Uploading results into container
2022-01-13 18:36:20,246:INFO:Uploading model into container now
2022-01-13 18:36:20,246:INFO:create_model_container: 1
2022-01-13 18:36:20,246:INFO:master_model_container: 1
2022-01-13 18:36:20,246:INFO:display_container: 2
2022-01-13 18:36:20,246:INFO:RandomForestClassifier(bootstrap=True, ccp_alpha=0.0, class_weight=None,
                       criterion='gini', max_depth=None, max_features='auto',
                       max_leaf_nodes=None, max_samples=None,
                       min_impurity_decrease=0.0, min_impurity_split=None,
                       min_samples_leaf=1, min_samples_split=2,
                       min_weight_fraction_leaf=0.0, n_estimators=100,
                       n_jobs=-1, oob_score=False, random_state=2272, verbose=0,
                       warm_start=False)
2022-01-13 18:36:20,246:INFO:create_model() succesfully completed......................................
2022-01-13 18:36:20,316:INFO:Initializing tune_model()
2022-01-13 18:36:20,316:INFO:tune_model(estimator=RandomForestClassifier(bootstrap=True, ccp_alpha=0.0, class_weight=None,
                       criterion='gini', max_depth=None, max_features='auto',
                       max_leaf_nodes=None, max_samples=None,
                       min_impurity_decrease=0.0, min_impurity_split=None,
                       min_samples_leaf=1, min_samples_split=2,
                       min_weight_fraction_leaf=0.0, n_estimators=100,
                       n_jobs=-1, oob_score=False, random_state=2272, verbose=0,
                       warm_start=False), fold=None, round=4, n_iter=10, custom_grid=None, optimize=Accuracy, custom_scorer=None, search_library=scikit-learn, search_algorithm=None, early_stopping=False, early_stopping_max_iters=10, choose_better=False, fit_kwargs=None, groups=None, return_tuner=False, verbose=True, tuner_verbose=True, display=None, kwargs={})
2022-01-13 18:36:20,316:INFO:Checking exceptions
2022-01-13 18:36:20,317:INFO:Preparing display monitor
2022-01-13 18:36:20,325:INFO:Copying training dataset
2022-01-13 18:36:20,326:INFO:Checking base model
2022-01-13 18:36:20,326:INFO:Base model : Random Forest Classifier
2022-01-13 18:36:20,332:INFO:Declaring metric variables
2022-01-13 18:36:20,338:INFO:Defining Hyperparameters
2022-01-13 18:36:20,408:INFO:Tuning with n_jobs=-1
2022-01-13 18:36:20,408:INFO:Initializing RandomizedSearchCV
2022-01-13 18:36:27,806:INFO:best_params: {'actual_estimator__n_estimators': 50, 'actual_estimator__min_samples_split': 7, 'actual_estimator__min_samples_leaf': 6, 'actual_estimator__min_impurity_decrease': 0.0001, 'actual_estimator__max_features': 'log2', 'actual_estimator__max_depth': 9, 'actual_estimator__criterion': 'entropy', 'actual_estimator__class_weight': {}, 'actual_estimator__bootstrap': False}
2022-01-13 18:36:27,806:INFO:Hyperparameter search completed
2022-01-13 18:36:27,806:INFO:SubProcess create_model() called ==================================
2022-01-13 18:36:27,807:INFO:Initializing create_model()
2022-01-13 18:36:27,807:INFO:create_model(estimator=RandomForestClassifier(bootstrap=True, ccp_alpha=0.0, class_weight=None,
                       criterion='gini', max_depth=None, max_features='auto',
                       max_leaf_nodes=None, max_samples=None,
                       min_impurity_decrease=0.0, min_impurity_split=None,
                       min_samples_leaf=1, min_samples_split=2,
                       min_weight_fraction_leaf=0.0, n_estimators=100,
                       n_jobs=-1, oob_score=False, random_state=2272, verbose=0,
                       warm_start=False), fold=StratifiedKFold(n_splits=10, random_state=None, shuffle=False), round=4, cross_validation=True, predict=True, fit_kwargs={}, groups=None, refit=True, verbose=True, system=False, metrics=None, add_to_model_list=True, display=<pycaret.internal.Display.Display object at 0x0000029830939B20>, kwargs={'n_estimators': 50, 'min_samples_split': 7, 'min_samples_leaf': 6, 'min_impurity_decrease': 0.0001, 'max_features': 'log2', 'max_depth': 9, 'criterion': 'entropy', 'class_weight': {}, 'bootstrap': False})
2022-01-13 18:36:27,807:INFO:Checking exceptions
2022-01-13 18:36:27,807:INFO:Importing libraries
2022-01-13 18:36:27,807:INFO:Copying training dataset
2022-01-13 18:36:27,808:INFO:Defining folds
2022-01-13 18:36:27,808:INFO:Declaring metric variables
2022-01-13 18:36:27,814:INFO:Importing untrained model
2022-01-13 18:36:27,814:INFO:Declaring custom model
2022-01-13 18:36:27,820:INFO:Random Forest Classifier Imported succesfully
2022-01-13 18:36:27,831:INFO:Starting cross validation
2022-01-13 18:36:27,832:INFO:Cross validating with StratifiedKFold(n_splits=10, random_state=None, shuffle=False), n_jobs=-1
2022-01-13 18:36:28,107:INFO:Calculating mean and std
2022-01-13 18:36:28,108:INFO:Creating metrics dataframe
2022-01-13 18:36:28,118:INFO:Finalizing model
2022-01-13 18:36:28,214:INFO:Uploading results into container
2022-01-13 18:36:28,214:INFO:Uploading model into container now
2022-01-13 18:36:28,214:INFO:create_model_container: 2
2022-01-13 18:36:28,214:INFO:master_model_container: 2
2022-01-13 18:36:28,214:INFO:display_container: 3
2022-01-13 18:36:28,214:INFO:RandomForestClassifier(bootstrap=False, ccp_alpha=0.0, class_weight={},
                       criterion='entropy', max_depth=9, max_features='log2',
                       max_leaf_nodes=None, max_samples=None,
                       min_impurity_decrease=0.0001, min_impurity_split=None,
                       min_samples_leaf=6, min_samples_split=7,
                       min_weight_fraction_leaf=0.0, n_estimators=50, n_jobs=-1,
                       oob_score=False, random_state=2272, verbose=0,
                       warm_start=False)
2022-01-13 18:36:28,214:INFO:create_model() succesfully completed......................................
2022-01-13 18:36:28,286:INFO:SubProcess create_model() end ==================================
2022-01-13 18:36:28,286:INFO:create_model_container: 2
2022-01-13 18:36:28,286:INFO:master_model_container: 2
2022-01-13 18:36:28,286:INFO:display_container: 3
2022-01-13 18:36:28,287:INFO:RandomForestClassifier(bootstrap=False, ccp_alpha=0.0, class_weight={},
                       criterion='entropy', max_depth=9, max_features='log2',
                       max_leaf_nodes=None, max_samples=None,
                       min_impurity_decrease=0.0001, min_impurity_split=None,
                       min_samples_leaf=6, min_samples_split=7,
                       min_weight_fraction_leaf=0.0, n_estimators=50, n_jobs=-1,
                       oob_score=False, random_state=2272, verbose=0,
                       warm_start=False)
2022-01-13 18:36:28,287:INFO:tune_model() succesfully completed......................................
2022-01-13 18:36:28,367:INFO:Initializing predict_model()
2022-01-13 18:36:28,367:INFO:predict_model(estimator=RandomForestClassifier(bootstrap=False, ccp_alpha=0.0, class_weight={},
                       criterion='entropy', max_depth=9, max_features='log2',
                       max_leaf_nodes=None, max_samples=None,
                       min_impurity_decrease=0.0001, min_impurity_split=None,
                       min_samples_leaf=6, min_samples_split=7,
                       min_weight_fraction_leaf=0.0, n_estimators=50, n_jobs=-1,
                       oob_score=False, random_state=2272, verbose=0,
                       warm_start=False), probability_threshold=None, encoded_labels=False, raw_score=False, round=4, verbose=True, ml_usecase=MLUsecase.CLASSIFICATION, display=None)
2022-01-13 18:36:28,367:INFO:Checking exceptions
2022-01-13 18:36:28,367:INFO:Preloading libraries
2022-01-13 18:36:28,368:INFO:Preparing display monitor
2022-01-13 18:36:28,531:INFO:Initializing plot_model()
2022-01-13 18:36:28,531:INFO:plot_model(fold=None, use_train_data=False, verbose=True, is_in_evaluate=False, display=None, display_format=None, estimator=RandomForestClassifier(bootstrap=True, ccp_alpha=0.0, class_weight=None,
                       criterion='gini', max_depth=None, max_features='auto',
                       max_leaf_nodes=None, max_samples=None,
                       min_impurity_decrease=0.0, min_impurity_split=None,
                       min_samples_leaf=1, min_samples_split=2,
                       min_weight_fraction_leaf=0.0, n_estimators=100,
                       n_jobs=-1, oob_score=False, random_state=2272, verbose=0,
                       warm_start=False), feature_name=None, fit_kwargs=None, groups=None, label=False, plot=confusion_matrix, save=False, scale=1, system=True)
2022-01-13 18:36:28,531:INFO:Checking exceptions
2022-01-13 18:36:28,545:INFO:Preparing display monitor
2022-01-13 18:36:28,549:INFO:Preloading libraries
2022-01-13 18:36:28,565:INFO:Copying training dataset
2022-01-13 18:36:28,566:INFO:Copying test dataset
2022-01-13 18:36:28,566:INFO:Plot type: confusion_matrix
2022-01-13 18:36:28,751:INFO:Fitting Model
2022-01-13 18:36:28,751:INFO:Scoring test/hold-out set
2022-01-13 18:40:57,302:INFO:PyCaret Supervised Module
2022-01-13 18:40:57,302:INFO:ML Usecase: classification
2022-01-13 18:40:57,302:INFO:version 2.3.4
2022-01-13 18:40:57,302:INFO:Initializing setup()
2022-01-13 18:40:57,302:INFO:setup(target=rating, ml_usecase=classification, available_plots={'parameter': 'Hyperparameters', 'auc': 'AUC', 'confusion_matrix': 'Confusion Matrix', 'threshold': 'Threshold', 'pr': 'Precision Recall', 'error': 'Prediction Error', 'class_report': 'Class Report', 'rfe': 'Feature Selection', 'learning': 'Learning Curve', 'manifold': 'Manifold Learning', 'calibration': 'Calibration Curve', 'vc': 'Validation Curve', 'dimension': 'Dimensions', 'feature': 'Feature Importance', 'feature_all': 'Feature Importance (All)', 'boundary': 'Decision Boundary', 'lift': 'Lift Chart', 'gain': 'Gain Chart', 'tree': 'Decision Tree', 'ks': 'KS Statistic Plot'}, train_size=0.7, test_data=None, preprocess=True, imputation_type=simple, iterative_imputation_iters=5, categorical_features=['genre', 'genres'], categorical_imputation=constant, categorical_iterative_imputer=lightgbm, ordinal_features=None, high_cardinality_features=None, high_cardinality_method=frequency, numeric_features=['rating_top', 'days', 'reviews_count', 'suggestions_count', 'ratings_count', 'metacritic', 'added'], numeric_imputation=mean, numeric_iterative_imputer=lightgbm, date_features=None, ignore_features=['name'], normalize=False, normalize_method=zscore, transformation=False, transformation_method=yeo-johnson, handle_unknown_categorical=True, unknown_categorical_method=least_frequent, pca=False, pca_method=linear, pca_components=None, ignore_low_variance=False, combine_rare_levels=False, rare_level_threshold=0.1, bin_numeric_features=None, remove_outliers=False, outliers_threshold=0.05, remove_multicollinearity=False, multicollinearity_threshold=0.9, remove_perfect_collinearity=True, create_clusters=False, cluster_iter=20, polynomial_features=False, polynomial_degree=2, trigonometry_features=False, polynomial_threshold=0.1, group_features=None, group_names=None, feature_selection=False, feature_selection_threshold=0.8, feature_selection_method=classic, feature_interaction=False, feature_ratio=False, interaction_threshold=0.01, fix_imbalance=False, fix_imbalance_method=None, transform_target=False, transform_target_method=box-cox, data_split_shuffle=True, data_split_stratify=False, fold_strategy=stratifiedkfold, fold=10, fold_shuffle=False, fold_groups=None, n_jobs=-1, use_gpu=False, custom_pipeline=None, html=True, session_id=None, log_experiment=False, experiment_name=None, log_plots=False, log_profile=False, log_data=False, silent=True, verbose=True, profile=False, profile_kwargs=None, display=None)
2022-01-13 18:40:57,302:INFO:Checking environment
2022-01-13 18:40:57,302:INFO:python_version: 3.8.10
2022-01-13 18:40:57,303:INFO:python_build: ('tags/v3.8.10:3d8993a', 'May  3 2021 11:48:03')
2022-01-13 18:40:57,303:INFO:machine: AMD64
2022-01-13 18:40:57,311:INFO:platform: Windows-10-10.0.19044-SP0
2022-01-13 18:40:57,312:WARNING:cannot find psutil installation. memory not traceable. Install psutil using pip to enable memory logging.
2022-01-13 18:40:57,312:INFO:Checking libraries
2022-01-13 18:40:57,313:INFO:pd==1.3.1
2022-01-13 18:40:57,313:INFO:numpy==1.19.5
2022-01-13 18:40:57,313:INFO:sklearn==0.23.2
2022-01-13 18:40:57,313:INFO:lightgbm==3.3.1
2022-01-13 18:40:57,314:WARNING:catboost not found
2022-01-13 18:40:57,314:WARNING:xgboost not found
2022-01-13 18:40:57,678:INFO:mlflow==1.21.0
2022-01-13 18:40:57,679:INFO:Checking Exceptions
2022-01-13 18:40:57,679:INFO:Declaring global variables
2022-01-13 18:40:57,679:INFO:USI: 13a3
2022-01-13 18:40:57,679:INFO:pycaret_globals: {'_all_models', 'fix_imbalance_param', 'fold_param', '_ml_usecase', 'display_container', 'data_before_preprocess', 'fold_groups_param', 'transform_target_param', 'transform_target_method_param', 'target_param', 'gpu_param', 'html_param', 'X_test', 'iterative_imputation_iters_param', 'fold_shuffle_param', 'imputation_regressor', 'experiment__', '_gpu_n_jobs_param', 'X_train', '_all_models_internal', 'y', 'pycaret_globals', 'y_test', 'exp_name_log', '_all_metrics', 'master_model_container', '_available_plots', 'logging_param', 'log_plots_param', 'imputation_classifier', '_internal_pipeline', 'fix_imbalance_method_param', 'y_train', 'USI', 'X', 'create_model_container', 'seed', 'stratify_param', 'fold_generator', 'fold_groups_param_full', 'n_jobs_param', 'prep_pipe'}
2022-01-13 18:40:57,679:INFO:Preparing display monitor
2022-01-13 18:40:57,679:INFO:Preparing display monitor
2022-01-13 18:40:57,685:INFO:Importing libraries
2022-01-13 18:40:57,685:INFO:Copying data for preprocessing
2022-01-13 18:40:57,688:INFO:Declaring preprocessing parameters
2022-01-13 18:40:57,689:INFO:Creating preprocessing pipeline
2022-01-13 18:40:57,692:INFO:Preprocessing pipeline created successfully
2022-01-13 18:40:57,692:ERROR:(Process Exit): setup has been interupted with user command 'quit'. setup must rerun.
2022-01-13 18:40:57,693:INFO:Creating global containers
2022-01-13 18:40:57,693:INFO:Internal pipeline: Pipeline(memory=None, steps=[('empty_step', 'passthrough')], verbose=False)
2022-01-13 18:40:57,923:WARNING:Couldn't import xgboost.XGBClassifier
2022-01-13 18:40:57,924:WARNING:Couldn't import catboost.CatBoostClassifier
2022-01-13 18:40:58,004:WARNING:Couldn't import xgboost.XGBClassifier
2022-01-13 18:40:58,006:WARNING:Couldn't import catboost.CatBoostClassifier
2022-01-13 18:40:58,006:INFO:Creating grid variables
2022-01-13 18:40:58,009:INFO:create_model_container: 0
2022-01-13 18:40:58,009:INFO:master_model_container: 0
2022-01-13 18:40:58,009:INFO:display_container: 1
2022-01-13 18:40:58,013:INFO:Pipeline(memory=None,
         steps=[('dtypes',
                 DataTypes_Auto_infer(categorical_features=['genre', 'genres'],
                                      display_types=False,
                                      features_todrop=['name'], id_columns=[],
                                      ml_usecase='classification',
                                      numerical_features=['rating_top', 'days',
                                                          'reviews_count',
                                                          'suggestions_count',
                                                          'ratings_count',
                                                          'metacritic',
                                                          'added'],
                                      target='rating', time_features=[])),
                ('imputer',
                 Simp...
                ('scaling', 'passthrough'), ('P_transform', 'passthrough'),
                ('binn', 'passthrough'), ('rem_outliers', 'passthrough'),
                ('cluster_all', 'passthrough'),
                ('dummy', Dummify(target='rating')),
                ('fix_perfect', Remove_100(target='rating')),
                ('clean_names', Clean_Colum_Names()),
                ('feature_select', 'passthrough'), ('fix_multi', 'passthrough'),
                ('dfs', 'passthrough'), ('pca', 'passthrough')],
         verbose=False)
2022-01-13 18:40:58,013:INFO:setup() succesfully completed......................................
2022-01-13 18:40:58,083:INFO:Initializing create_model()
2022-01-13 18:40:58,083:INFO:create_model(estimator=rf, fold=None, round=4, cross_validation=True, predict=True, fit_kwargs=None, groups=None, refit=True, verbose=True, system=True, metrics=None, add_to_model_list=True, display=None, kwargs={})
2022-01-13 18:40:58,083:INFO:Checking exceptions
2022-01-13 18:40:58,083:INFO:Preparing display monitor
2022-01-13 18:40:58,092:INFO:Importing libraries
2022-01-13 18:40:58,092:INFO:Copying training dataset
2022-01-13 18:40:58,093:INFO:Defining folds
2022-01-13 18:40:58,093:INFO:Declaring metric variables
2022-01-13 18:40:58,099:INFO:Importing untrained model
2022-01-13 18:40:58,104:INFO:Random Forest Classifier Imported succesfully
2022-01-13 18:40:58,116:INFO:Starting cross validation
2022-01-13 18:40:58,116:INFO:Cross validating with StratifiedKFold(n_splits=10, random_state=None, shuffle=False), n_jobs=-1
2022-01-13 18:41:02,034:INFO:Calculating mean and std
2022-01-13 18:41:02,035:INFO:Creating metrics dataframe
2022-01-13 18:41:02,044:INFO:Finalizing model
2022-01-13 18:41:02,256:INFO:Uploading results into container
2022-01-13 18:41:02,257:INFO:Uploading model into container now
2022-01-13 18:41:02,257:INFO:create_model_container: 1
2022-01-13 18:41:02,257:INFO:master_model_container: 1
2022-01-13 18:41:02,257:INFO:display_container: 2
2022-01-13 18:41:02,257:INFO:RandomForestClassifier(bootstrap=True, ccp_alpha=0.0, class_weight=None,
                       criterion='gini', max_depth=None, max_features='auto',
                       max_leaf_nodes=None, max_samples=None,
                       min_impurity_decrease=0.0, min_impurity_split=None,
                       min_samples_leaf=1, min_samples_split=2,
                       min_weight_fraction_leaf=0.0, n_estimators=100,
                       n_jobs=-1, oob_score=False, random_state=1554, verbose=0,
                       warm_start=False)
2022-01-13 18:41:02,257:INFO:create_model() succesfully completed......................................
2022-01-13 18:41:02,327:INFO:Initializing tune_model()
2022-01-13 18:41:02,327:INFO:tune_model(estimator=RandomForestClassifier(bootstrap=True, ccp_alpha=0.0, class_weight=None,
                       criterion='gini', max_depth=None, max_features='auto',
                       max_leaf_nodes=None, max_samples=None,
                       min_impurity_decrease=0.0, min_impurity_split=None,
                       min_samples_leaf=1, min_samples_split=2,
                       min_weight_fraction_leaf=0.0, n_estimators=100,
                       n_jobs=-1, oob_score=False, random_state=1554, verbose=0,
                       warm_start=False), fold=None, round=4, n_iter=10, custom_grid=None, optimize=Accuracy, custom_scorer=None, search_library=scikit-learn, search_algorithm=None, early_stopping=False, early_stopping_max_iters=10, choose_better=False, fit_kwargs=None, groups=None, return_tuner=False, verbose=True, tuner_verbose=True, display=None, kwargs={})
2022-01-13 18:41:02,327:INFO:Checking exceptions
2022-01-13 18:41:02,328:INFO:Preparing display monitor
2022-01-13 18:41:02,337:INFO:Copying training dataset
2022-01-13 18:41:02,337:INFO:Checking base model
2022-01-13 18:41:02,337:INFO:Base model : Random Forest Classifier
2022-01-13 18:41:02,343:INFO:Declaring metric variables
2022-01-13 18:41:02,349:INFO:Defining Hyperparameters
2022-01-13 18:41:02,420:INFO:Tuning with n_jobs=-1
2022-01-13 18:41:02,421:INFO:Initializing RandomizedSearchCV
2022-01-13 18:41:11,059:INFO:best_params: {'actual_estimator__n_estimators': 70, 'actual_estimator__min_samples_split': 2, 'actual_estimator__min_samples_leaf': 5, 'actual_estimator__min_impurity_decrease': 0.002, 'actual_estimator__max_features': 1.0, 'actual_estimator__max_depth': 6, 'actual_estimator__criterion': 'gini', 'actual_estimator__class_weight': {}, 'actual_estimator__bootstrap': False}
2022-01-13 18:41:11,059:INFO:Hyperparameter search completed
2022-01-13 18:41:11,059:INFO:SubProcess create_model() called ==================================
2022-01-13 18:41:11,059:INFO:Initializing create_model()
2022-01-13 18:41:11,060:INFO:create_model(estimator=RandomForestClassifier(bootstrap=True, ccp_alpha=0.0, class_weight=None,
                       criterion='gini', max_depth=None, max_features='auto',
                       max_leaf_nodes=None, max_samples=None,
                       min_impurity_decrease=0.0, min_impurity_split=None,
                       min_samples_leaf=1, min_samples_split=2,
                       min_weight_fraction_leaf=0.0, n_estimators=100,
                       n_jobs=-1, oob_score=False, random_state=1554, verbose=0,
                       warm_start=False), fold=StratifiedKFold(n_splits=10, random_state=None, shuffle=False), round=4, cross_validation=True, predict=True, fit_kwargs={}, groups=None, refit=True, verbose=True, system=False, metrics=None, add_to_model_list=True, display=<pycaret.internal.Display.Display object at 0x0000021C2EF3C6A0>, kwargs={'n_estimators': 70, 'min_samples_split': 2, 'min_samples_leaf': 5, 'min_impurity_decrease': 0.002, 'max_features': 1.0, 'max_depth': 6, 'criterion': 'gini', 'class_weight': {}, 'bootstrap': False})
2022-01-13 18:41:11,060:INFO:Checking exceptions
2022-01-13 18:41:11,060:INFO:Importing libraries
2022-01-13 18:41:11,060:INFO:Copying training dataset
2022-01-13 18:41:11,060:INFO:Defining folds
2022-01-13 18:41:11,060:INFO:Declaring metric variables
2022-01-13 18:41:11,066:INFO:Importing untrained model
2022-01-13 18:41:11,066:INFO:Declaring custom model
2022-01-13 18:41:11,073:INFO:Random Forest Classifier Imported succesfully
2022-01-13 18:41:11,084:INFO:Starting cross validation
2022-01-13 18:41:11,084:INFO:Cross validating with StratifiedKFold(n_splits=10, random_state=None, shuffle=False), n_jobs=-1
2022-01-13 18:41:11,679:INFO:Calculating mean and std
2022-01-13 18:41:11,679:INFO:Creating metrics dataframe
2022-01-13 18:41:11,688:INFO:Finalizing model
2022-01-13 18:41:11,823:INFO:Uploading results into container
2022-01-13 18:41:11,823:INFO:Uploading model into container now
2022-01-13 18:41:11,823:INFO:create_model_container: 2
2022-01-13 18:41:11,823:INFO:master_model_container: 2
2022-01-13 18:41:11,823:INFO:display_container: 3
2022-01-13 18:41:11,824:INFO:RandomForestClassifier(bootstrap=False, ccp_alpha=0.0, class_weight={},
                       criterion='gini', max_depth=6, max_features=1.0,
                       max_leaf_nodes=None, max_samples=None,
                       min_impurity_decrease=0.002, min_impurity_split=None,
                       min_samples_leaf=5, min_samples_split=2,
                       min_weight_fraction_leaf=0.0, n_estimators=70, n_jobs=-1,
                       oob_score=False, random_state=1554, verbose=0,
                       warm_start=False)
2022-01-13 18:41:11,824:INFO:create_model() succesfully completed......................................
2022-01-13 18:41:11,895:INFO:SubProcess create_model() end ==================================
2022-01-13 18:41:11,895:INFO:create_model_container: 2
2022-01-13 18:41:11,895:INFO:master_model_container: 2
2022-01-13 18:41:11,895:INFO:display_container: 3
2022-01-13 18:41:11,896:INFO:RandomForestClassifier(bootstrap=False, ccp_alpha=0.0, class_weight={},
                       criterion='gini', max_depth=6, max_features=1.0,
                       max_leaf_nodes=None, max_samples=None,
                       min_impurity_decrease=0.002, min_impurity_split=None,
                       min_samples_leaf=5, min_samples_split=2,
                       min_weight_fraction_leaf=0.0, n_estimators=70, n_jobs=-1,
                       oob_score=False, random_state=1554, verbose=0,
                       warm_start=False)
2022-01-13 18:41:11,896:INFO:tune_model() succesfully completed......................................
2022-01-13 18:41:11,975:INFO:Initializing predict_model()
2022-01-13 18:41:11,975:INFO:predict_model(estimator=RandomForestClassifier(bootstrap=False, ccp_alpha=0.0, class_weight={},
                       criterion='gini', max_depth=6, max_features=1.0,
                       max_leaf_nodes=None, max_samples=None,
                       min_impurity_decrease=0.002, min_impurity_split=None,
                       min_samples_leaf=5, min_samples_split=2,
                       min_weight_fraction_leaf=0.0, n_estimators=70, n_jobs=-1,
                       oob_score=False, random_state=1554, verbose=0,
                       warm_start=False), probability_threshold=None, encoded_labels=False, raw_score=False, round=4, verbose=True, ml_usecase=MLUsecase.CLASSIFICATION, display=None)
2022-01-13 18:41:11,976:INFO:Checking exceptions
2022-01-13 18:41:11,976:INFO:Preloading libraries
2022-01-13 18:41:11,976:INFO:Preparing display monitor
2022-01-13 18:41:12,143:INFO:Initializing plot_model()
2022-01-13 18:41:12,143:INFO:plot_model(fold=None, use_train_data=False, verbose=True, is_in_evaluate=False, display=None, display_format=None, estimator=RandomForestClassifier(bootstrap=True, ccp_alpha=0.0, class_weight=None,
                       criterion='gini', max_depth=None, max_features='auto',
                       max_leaf_nodes=None, max_samples=None,
                       min_impurity_decrease=0.0, min_impurity_split=None,
                       min_samples_leaf=1, min_samples_split=2,
                       min_weight_fraction_leaf=0.0, n_estimators=100,
                       n_jobs=-1, oob_score=False, random_state=1554, verbose=0,
                       warm_start=False), feature_name=None, fit_kwargs=None, groups=None, label=False, plot=confusion_matrix, save=False, scale=1, system=True)
2022-01-13 18:41:12,144:INFO:Checking exceptions
2022-01-13 18:41:12,159:INFO:Preparing display monitor
2022-01-13 18:41:12,162:INFO:Preloading libraries
2022-01-13 18:41:12,177:INFO:Copying training dataset
2022-01-13 18:41:12,178:INFO:Copying test dataset
2022-01-13 18:41:12,178:INFO:Plot type: confusion_matrix
2022-01-13 18:41:12,338:INFO:Fitting Model
2022-01-13 18:41:12,338:INFO:Scoring test/hold-out set
